<?xml version="1.0" encoding="UTF-8"?>
<testsuite xmlns:xsi="http://www.w3.org/2001/XMLSchema-instance" xsi:noNamespaceSchemaLocation="https://maven.apache.org/surefire/maven-surefire-plugin/xsd/surefire-test-report-3.0.xsd" version="3.0" name="com.augustogp.nutrifit.food_item.FoodItemServiceApplicationTests" time="16.373" tests="3" errors="0" skipped="0" failures="0">
  <properties>
    <property name="java.specification.version" value="21"/>
    <property name="sun.cpu.isalist" value="amd64"/>
    <property name="sun.jnu.encoding" value="Cp1252"/>
    <property name="java.class.path" value="C:\Users\augus\Documents\Code\Spring_Boot\nutriFitMicro\food-item-service\target\test-classes;C:\Users\augus\Documents\Code\Spring_Boot\nutriFitMicro\food-item-service\target\classes;C:\Users\augus\.m2\repository\org\springframework\boot\spring-boot-starter-data-jpa\3.5.3\spring-boot-starter-data-jpa-3.5.3.jar;C:\Users\augus\.m2\repository\org\springframework\boot\spring-boot-starter\3.5.3\spring-boot-starter-3.5.3.jar;C:\Users\augus\.m2\repository\org\springframework\boot\spring-boot-starter-logging\3.5.3\spring-boot-starter-logging-3.5.3.jar;C:\Users\augus\.m2\repository\ch\qos\logback\logback-classic\1.5.18\logback-classic-1.5.18.jar;C:\Users\augus\.m2\repository\ch\qos\logback\logback-core\1.5.18\logback-core-1.5.18.jar;C:\Users\augus\.m2\repository\org\apache\logging\log4j\log4j-to-slf4j\2.24.3\log4j-to-slf4j-2.24.3.jar;C:\Users\augus\.m2\repository\org\apache\logging\log4j\log4j-api\2.24.3\log4j-api-2.24.3.jar;C:\Users\augus\.m2\repository\org\slf4j\jul-to-slf4j\2.0.17\jul-to-slf4j-2.0.17.jar;C:\Users\augus\.m2\repository\jakarta\annotation\jakarta.annotation-api\2.1.1\jakarta.annotation-api-2.1.1.jar;C:\Users\augus\.m2\repository\org\yaml\snakeyaml\2.4\snakeyaml-2.4.jar;C:\Users\augus\.m2\repository\org\springframework\boot\spring-boot-starter-jdbc\3.5.3\spring-boot-starter-jdbc-3.5.3.jar;C:\Users\augus\.m2\repository\com\zaxxer\HikariCP\6.3.0\HikariCP-6.3.0.jar;C:\Users\augus\.m2\repository\org\springframework\spring-jdbc\6.2.8\spring-jdbc-6.2.8.jar;C:\Users\augus\.m2\repository\org\hibernate\orm\hibernate-core\6.6.18.Final\hibernate-core-6.6.18.Final.jar;C:\Users\augus\.m2\repository\jakarta\persistence\jakarta.persistence-api\3.1.0\jakarta.persistence-api-3.1.0.jar;C:\Users\augus\.m2\repository\jakarta\transaction\jakarta.transaction-api\2.0.1\jakarta.transaction-api-2.0.1.jar;C:\Users\augus\.m2\repository\org\jboss\logging\jboss-logging\3.6.1.Final\jboss-logging-3.6.1.Final.jar;C:\Users\augus\.m2\repository\org\hibernate\common\hibernate-commons-annotations\7.0.3.Final\hibernate-commons-annotations-7.0.3.Final.jar;C:\Users\augus\.m2\repository\io\smallrye\jandex\3.2.0\jandex-3.2.0.jar;C:\Users\augus\.m2\repository\com\fasterxml\classmate\1.7.0\classmate-1.7.0.jar;C:\Users\augus\.m2\repository\net\bytebuddy\byte-buddy\1.17.6\byte-buddy-1.17.6.jar;C:\Users\augus\.m2\repository\org\glassfish\jaxb\jaxb-runtime\4.0.5\jaxb-runtime-4.0.5.jar;C:\Users\augus\.m2\repository\org\glassfish\jaxb\jaxb-core\4.0.5\jaxb-core-4.0.5.jar;C:\Users\augus\.m2\repository\org\eclipse\angus\angus-activation\2.0.2\angus-activation-2.0.2.jar;C:\Users\augus\.m2\repository\org\glassfish\jaxb\txw2\4.0.5\txw2-4.0.5.jar;C:\Users\augus\.m2\repository\com\sun\istack\istack-commons-runtime\4.1.2\istack-commons-runtime-4.1.2.jar;C:\Users\augus\.m2\repository\jakarta\inject\jakarta.inject-api\2.0.1\jakarta.inject-api-2.0.1.jar;C:\Users\augus\.m2\repository\org\antlr\antlr4-runtime\4.13.0\antlr4-runtime-4.13.0.jar;C:\Users\augus\.m2\repository\org\springframework\data\spring-data-jpa\3.5.1\spring-data-jpa-3.5.1.jar;C:\Users\augus\.m2\repository\org\springframework\data\spring-data-commons\3.5.1\spring-data-commons-3.5.1.jar;C:\Users\augus\.m2\repository\org\springframework\spring-orm\6.2.8\spring-orm-6.2.8.jar;C:\Users\augus\.m2\repository\org\springframework\spring-context\6.2.8\spring-context-6.2.8.jar;C:\Users\augus\.m2\repository\org\springframework\spring-aop\6.2.8\spring-aop-6.2.8.jar;C:\Users\augus\.m2\repository\org\springframework\spring-tx\6.2.8\spring-tx-6.2.8.jar;C:\Users\augus\.m2\repository\org\springframework\spring-beans\6.2.8\spring-beans-6.2.8.jar;C:\Users\augus\.m2\repository\org\slf4j\slf4j-api\2.0.17\slf4j-api-2.0.17.jar;C:\Users\augus\.m2\repository\org\springframework\spring-aspects\6.2.8\spring-aspects-6.2.8.jar;C:\Users\augus\.m2\repository\org\aspectj\aspectjweaver\1.9.24\aspectjweaver-1.9.24.jar;C:\Users\augus\.m2\repository\org\springframework\boot\spring-boot-starter-web\3.5.3\spring-boot-starter-web-3.5.3.jar;C:\Users\augus\.m2\repository\org\springframework\boot\spring-boot-starter-json\3.5.3\spring-boot-starter-json-3.5.3.jar;C:\Users\augus\.m2\repository\com\fasterxml\jackson\core\jackson-databind\2.19.1\jackson-databind-2.19.1.jar;C:\Users\augus\.m2\repository\com\fasterxml\jackson\datatype\jackson-datatype-jdk8\2.19.1\jackson-datatype-jdk8-2.19.1.jar;C:\Users\augus\.m2\repository\com\fasterxml\jackson\module\jackson-module-parameter-names\2.19.1\jackson-module-parameter-names-2.19.1.jar;C:\Users\augus\.m2\repository\org\springframework\boot\spring-boot-starter-tomcat\3.5.3\spring-boot-starter-tomcat-3.5.3.jar;C:\Users\augus\.m2\repository\org\apache\tomcat\embed\tomcat-embed-core\10.1.42\tomcat-embed-core-10.1.42.jar;C:\Users\augus\.m2\repository\org\apache\tomcat\embed\tomcat-embed-el\10.1.42\tomcat-embed-el-10.1.42.jar;C:\Users\augus\.m2\repository\org\apache\tomcat\embed\tomcat-embed-websocket\10.1.42\tomcat-embed-websocket-10.1.42.jar;C:\Users\augus\.m2\repository\org\springframework\spring-web\6.2.8\spring-web-6.2.8.jar;C:\Users\augus\.m2\repository\io\micrometer\micrometer-observation\1.15.1\micrometer-observation-1.15.1.jar;C:\Users\augus\.m2\repository\io\micrometer\micrometer-commons\1.15.1\micrometer-commons-1.15.1.jar;C:\Users\augus\.m2\repository\org\springframework\spring-webmvc\6.2.8\spring-webmvc-6.2.8.jar;C:\Users\augus\.m2\repository\org\springframework\spring-expression\6.2.8\spring-expression-6.2.8.jar;C:\Users\augus\.m2\repository\org\springframework\boot\spring-boot-devtools\3.5.3\spring-boot-devtools-3.5.3.jar;C:\Users\augus\.m2\repository\org\springframework\boot\spring-boot\3.5.3\spring-boot-3.5.3.jar;C:\Users\augus\.m2\repository\org\springframework\boot\spring-boot-autoconfigure\3.5.3\spring-boot-autoconfigure-3.5.3.jar;C:\Users\augus\.m2\repository\com\mysql\mysql-connector-j\9.2.0\mysql-connector-j-9.2.0.jar;C:\Users\augus\.m2\repository\org\projectlombok\lombok\1.18.36\lombok-1.18.36.jar;C:\Users\augus\.m2\repository\org\springframework\boot\spring-boot-starter-test\3.5.3\spring-boot-starter-test-3.5.3.jar;C:\Users\augus\.m2\repository\org\springframework\boot\spring-boot-test\3.5.3\spring-boot-test-3.5.3.jar;C:\Users\augus\.m2\repository\org\springframework\boot\spring-boot-test-autoconfigure\3.5.3\spring-boot-test-autoconfigure-3.5.3.jar;C:\Users\augus\.m2\repository\com\jayway\jsonpath\json-path\2.9.0\json-path-2.9.0.jar;C:\Users\augus\.m2\repository\jakarta\xml\bind\jakarta.xml.bind-api\4.0.2\jakarta.xml.bind-api-4.0.2.jar;C:\Users\augus\.m2\repository\jakarta\activation\jakarta.activation-api\2.1.3\jakarta.activation-api-2.1.3.jar;C:\Users\augus\.m2\repository\net\minidev\json-smart\2.5.2\json-smart-2.5.2.jar;C:\Users\augus\.m2\repository\net\minidev\accessors-smart\2.5.2\accessors-smart-2.5.2.jar;C:\Users\augus\.m2\repository\org\ow2\asm\asm\9.7.1\asm-9.7.1.jar;C:\Users\augus\.m2\repository\org\assertj\assertj-core\3.27.3\assertj-core-3.27.3.jar;C:\Users\augus\.m2\repository\org\awaitility\awaitility\4.2.2\awaitility-4.2.2.jar;C:\Users\augus\.m2\repository\org\hamcrest\hamcrest\3.0\hamcrest-3.0.jar;C:\Users\augus\.m2\repository\org\junit\jupiter\junit-jupiter\5.12.2\junit-jupiter-5.12.2.jar;C:\Users\augus\.m2\repository\org\junit\jupiter\junit-jupiter-api\5.12.2\junit-jupiter-api-5.12.2.jar;C:\Users\augus\.m2\repository\org\opentest4j\opentest4j\1.3.0\opentest4j-1.3.0.jar;C:\Users\augus\.m2\repository\org\junit\platform\junit-platform-commons\1.12.2\junit-platform-commons-1.12.2.jar;C:\Users\augus\.m2\repository\org\apiguardian\apiguardian-api\1.1.2\apiguardian-api-1.1.2.jar;C:\Users\augus\.m2\repository\org\junit\jupiter\junit-jupiter-params\5.12.2\junit-jupiter-params-5.12.2.jar;C:\Users\augus\.m2\repository\org\junit\jupiter\junit-jupiter-engine\5.12.2\junit-jupiter-engine-5.12.2.jar;C:\Users\augus\.m2\repository\org\junit\platform\junit-platform-engine\1.12.2\junit-platform-engine-1.12.2.jar;C:\Users\augus\.m2\repository\org\mockito\mockito-core\5.17.0\mockito-core-5.17.0.jar;C:\Users\augus\.m2\repository\net\bytebuddy\byte-buddy-agent\1.17.6\byte-buddy-agent-1.17.6.jar;C:\Users\augus\.m2\repository\org\objenesis\objenesis\3.3\objenesis-3.3.jar;C:\Users\augus\.m2\repository\org\mockito\mockito-junit-jupiter\5.17.0\mockito-junit-jupiter-5.17.0.jar;C:\Users\augus\.m2\repository\org\skyscreamer\jsonassert\1.5.3\jsonassert-1.5.3.jar;C:\Users\augus\.m2\repository\com\vaadin\external\google\android-json\0.0.20131108.vaadin1\android-json-0.0.20131108.vaadin1.jar;C:\Users\augus\.m2\repository\org\springframework\spring-core\6.2.8\spring-core-6.2.8.jar;C:\Users\augus\.m2\repository\org\springframework\spring-jcl\6.2.8\spring-jcl-6.2.8.jar;C:\Users\augus\.m2\repository\org\springframework\spring-test\6.2.8\spring-test-6.2.8.jar;C:\Users\augus\.m2\repository\org\xmlunit\xmlunit-core\2.10.2\xmlunit-core-2.10.2.jar;C:\Users\augus\.m2\repository\org\springframework\boot\spring-boot-testcontainers\3.5.3\spring-boot-testcontainers-3.5.3.jar;C:\Users\augus\.m2\repository\org\testcontainers\testcontainers\1.21.2\testcontainers-1.21.2.jar;C:\Users\augus\.m2\repository\junit\junit\4.13.2\junit-4.13.2.jar;C:\Users\augus\.m2\repository\org\hamcrest\hamcrest-core\3.0\hamcrest-core-3.0.jar;C:\Users\augus\.m2\repository\org\apache\commons\commons-compress\1.24.0\commons-compress-1.24.0.jar;C:\Users\augus\.m2\repository\org\rnorth\duct-tape\duct-tape\1.0.8\duct-tape-1.0.8.jar;C:\Users\augus\.m2\repository\org\jetbrains\annotations\17.0.0\annotations-17.0.0.jar;C:\Users\augus\.m2\repository\com\github\docker-java\docker-java-api\3.4.2\docker-java-api-3.4.2.jar;C:\Users\augus\.m2\repository\com\github\docker-java\docker-java-transport-zerodep\3.4.2\docker-java-transport-zerodep-3.4.2.jar;C:\Users\augus\.m2\repository\com\github\docker-java\docker-java-transport\3.4.2\docker-java-transport-3.4.2.jar;C:\Users\augus\.m2\repository\net\java\dev\jna\jna\5.13.0\jna-5.13.0.jar;C:\Users\augus\.m2\repository\org\testcontainers\junit-jupiter\1.21.2\junit-jupiter-1.21.2.jar;C:\Users\augus\.m2\repository\org\testcontainers\mysql\1.21.2\mysql-1.21.2.jar;C:\Users\augus\.m2\repository\org\testcontainers\jdbc\1.21.2\jdbc-1.21.2.jar;C:\Users\augus\.m2\repository\org\testcontainers\database-commons\1.21.2\database-commons-1.21.2.jar;C:\Users\augus\.m2\repository\io\rest-assured\rest-assured\5.3.2\rest-assured-5.3.2.jar;C:\Users\augus\.m2\repository\org\apache\groovy\groovy\4.0.27\groovy-4.0.27.jar;C:\Users\augus\.m2\repository\org\apache\groovy\groovy-xml\4.0.27\groovy-xml-4.0.27.jar;C:\Users\augus\.m2\repository\org\apache\httpcomponents\httpclient\4.5.13\httpclient-4.5.13.jar;C:\Users\augus\.m2\repository\org\apache\httpcomponents\httpcore\4.4.16\httpcore-4.4.16.jar;C:\Users\augus\.m2\repository\commons-logging\commons-logging\1.2\commons-logging-1.2.jar;C:\Users\augus\.m2\repository\commons-codec\commons-codec\1.18.0\commons-codec-1.18.0.jar;C:\Users\augus\.m2\repository\org\apache\httpcomponents\httpmime\4.5.13\httpmime-4.5.13.jar;C:\Users\augus\.m2\repository\org\ccil\cowan\tagsoup\tagsoup\1.2.1\tagsoup-1.2.1.jar;C:\Users\augus\.m2\repository\io\rest-assured\json-path\5.5.5\json-path-5.5.5.jar;C:\Users\augus\.m2\repository\org\apache\groovy\groovy-json\4.0.27\groovy-json-4.0.27.jar;C:\Users\augus\.m2\repository\io\rest-assured\rest-assured-common\5.5.5\rest-assured-common-5.5.5.jar;C:\Users\augus\.m2\repository\io\rest-assured\xml-path\5.5.5\xml-path-5.5.5.jar;C:\Users\augus\.m2\repository\org\apache\commons\commons-lang3\3.17.0\commons-lang3-3.17.0.jar;C:\Users\augus\.m2\repository\org\flywaydb\flyway-core\11.7.2\flyway-core-11.7.2.jar;C:\Users\augus\.m2\repository\com\fasterxml\jackson\dataformat\jackson-dataformat-toml\2.19.1\jackson-dataformat-toml-2.19.1.jar;C:\Users\augus\.m2\repository\com\fasterxml\jackson\core\jackson-core\2.19.1\jackson-core-2.19.1.jar;C:\Users\augus\.m2\repository\com\fasterxml\jackson\datatype\jackson-datatype-jsr310\2.19.1\jackson-datatype-jsr310-2.19.1.jar;C:\Users\augus\.m2\repository\com\fasterxml\jackson\core\jackson-annotations\2.19.1\jackson-annotations-2.19.1.jar;C:\Users\augus\.m2\repository\org\flywaydb\flyway-mysql\11.7.2\flyway-mysql-11.7.2.jar;"/>
    <property name="java.vm.vendor" value="Oracle Corporation"/>
    <property name="sun.arch.data.model" value="64"/>
    <property name="user.variant" value=""/>
    <property name="catalina.useNaming" value="false"/>
    <property name="java.vendor.url" value="https://java.oracle.com/"/>
    <property name="user.timezone" value="America/Buenos_Aires"/>
    <property name="org.jboss.logging.provider" value="slf4j"/>
    <property name="os.name" value="Windows 10"/>
    <property name="java.vm.specification.version" value="21"/>
    <property name="sun.java.launcher" value="SUN_STANDARD"/>
    <property name="user.country" value="ES"/>
    <property name="sun.boot.library.path" value="C:\Program Files\Java\jdk-21\bin"/>
    <property name="sun.java.command" value="C:\Users\augus\AppData\Local\Temp\surefire11613998344444115453\surefirebooter-20250706203521490_3.jar C:\Users\augus\AppData\Local\Temp\surefire11613998344444115453 2025-07-06T20-35-21_406-jvmRun1 surefire-20250706203521490_1tmp surefire_0-20250706203521490_2tmp"/>
    <property name="jdk.debug" value="release"/>
    <property name="surefire.test.class.path" value="C:\Users\augus\Documents\Code\Spring_Boot\nutriFitMicro\food-item-service\target\test-classes;C:\Users\augus\Documents\Code\Spring_Boot\nutriFitMicro\food-item-service\target\classes;C:\Users\augus\.m2\repository\org\springframework\boot\spring-boot-starter-data-jpa\3.5.3\spring-boot-starter-data-jpa-3.5.3.jar;C:\Users\augus\.m2\repository\org\springframework\boot\spring-boot-starter\3.5.3\spring-boot-starter-3.5.3.jar;C:\Users\augus\.m2\repository\org\springframework\boot\spring-boot-starter-logging\3.5.3\spring-boot-starter-logging-3.5.3.jar;C:\Users\augus\.m2\repository\ch\qos\logback\logback-classic\1.5.18\logback-classic-1.5.18.jar;C:\Users\augus\.m2\repository\ch\qos\logback\logback-core\1.5.18\logback-core-1.5.18.jar;C:\Users\augus\.m2\repository\org\apache\logging\log4j\log4j-to-slf4j\2.24.3\log4j-to-slf4j-2.24.3.jar;C:\Users\augus\.m2\repository\org\apache\logging\log4j\log4j-api\2.24.3\log4j-api-2.24.3.jar;C:\Users\augus\.m2\repository\org\slf4j\jul-to-slf4j\2.0.17\jul-to-slf4j-2.0.17.jar;C:\Users\augus\.m2\repository\jakarta\annotation\jakarta.annotation-api\2.1.1\jakarta.annotation-api-2.1.1.jar;C:\Users\augus\.m2\repository\org\yaml\snakeyaml\2.4\snakeyaml-2.4.jar;C:\Users\augus\.m2\repository\org\springframework\boot\spring-boot-starter-jdbc\3.5.3\spring-boot-starter-jdbc-3.5.3.jar;C:\Users\augus\.m2\repository\com\zaxxer\HikariCP\6.3.0\HikariCP-6.3.0.jar;C:\Users\augus\.m2\repository\org\springframework\spring-jdbc\6.2.8\spring-jdbc-6.2.8.jar;C:\Users\augus\.m2\repository\org\hibernate\orm\hibernate-core\6.6.18.Final\hibernate-core-6.6.18.Final.jar;C:\Users\augus\.m2\repository\jakarta\persistence\jakarta.persistence-api\3.1.0\jakarta.persistence-api-3.1.0.jar;C:\Users\augus\.m2\repository\jakarta\transaction\jakarta.transaction-api\2.0.1\jakarta.transaction-api-2.0.1.jar;C:\Users\augus\.m2\repository\org\jboss\logging\jboss-logging\3.6.1.Final\jboss-logging-3.6.1.Final.jar;C:\Users\augus\.m2\repository\org\hibernate\common\hibernate-commons-annotations\7.0.3.Final\hibernate-commons-annotations-7.0.3.Final.jar;C:\Users\augus\.m2\repository\io\smallrye\jandex\3.2.0\jandex-3.2.0.jar;C:\Users\augus\.m2\repository\com\fasterxml\classmate\1.7.0\classmate-1.7.0.jar;C:\Users\augus\.m2\repository\net\bytebuddy\byte-buddy\1.17.6\byte-buddy-1.17.6.jar;C:\Users\augus\.m2\repository\org\glassfish\jaxb\jaxb-runtime\4.0.5\jaxb-runtime-4.0.5.jar;C:\Users\augus\.m2\repository\org\glassfish\jaxb\jaxb-core\4.0.5\jaxb-core-4.0.5.jar;C:\Users\augus\.m2\repository\org\eclipse\angus\angus-activation\2.0.2\angus-activation-2.0.2.jar;C:\Users\augus\.m2\repository\org\glassfish\jaxb\txw2\4.0.5\txw2-4.0.5.jar;C:\Users\augus\.m2\repository\com\sun\istack\istack-commons-runtime\4.1.2\istack-commons-runtime-4.1.2.jar;C:\Users\augus\.m2\repository\jakarta\inject\jakarta.inject-api\2.0.1\jakarta.inject-api-2.0.1.jar;C:\Users\augus\.m2\repository\org\antlr\antlr4-runtime\4.13.0\antlr4-runtime-4.13.0.jar;C:\Users\augus\.m2\repository\org\springframework\data\spring-data-jpa\3.5.1\spring-data-jpa-3.5.1.jar;C:\Users\augus\.m2\repository\org\springframework\data\spring-data-commons\3.5.1\spring-data-commons-3.5.1.jar;C:\Users\augus\.m2\repository\org\springframework\spring-orm\6.2.8\spring-orm-6.2.8.jar;C:\Users\augus\.m2\repository\org\springframework\spring-context\6.2.8\spring-context-6.2.8.jar;C:\Users\augus\.m2\repository\org\springframework\spring-aop\6.2.8\spring-aop-6.2.8.jar;C:\Users\augus\.m2\repository\org\springframework\spring-tx\6.2.8\spring-tx-6.2.8.jar;C:\Users\augus\.m2\repository\org\springframework\spring-beans\6.2.8\spring-beans-6.2.8.jar;C:\Users\augus\.m2\repository\org\slf4j\slf4j-api\2.0.17\slf4j-api-2.0.17.jar;C:\Users\augus\.m2\repository\org\springframework\spring-aspects\6.2.8\spring-aspects-6.2.8.jar;C:\Users\augus\.m2\repository\org\aspectj\aspectjweaver\1.9.24\aspectjweaver-1.9.24.jar;C:\Users\augus\.m2\repository\org\springframework\boot\spring-boot-starter-web\3.5.3\spring-boot-starter-web-3.5.3.jar;C:\Users\augus\.m2\repository\org\springframework\boot\spring-boot-starter-json\3.5.3\spring-boot-starter-json-3.5.3.jar;C:\Users\augus\.m2\repository\com\fasterxml\jackson\core\jackson-databind\2.19.1\jackson-databind-2.19.1.jar;C:\Users\augus\.m2\repository\com\fasterxml\jackson\datatype\jackson-datatype-jdk8\2.19.1\jackson-datatype-jdk8-2.19.1.jar;C:\Users\augus\.m2\repository\com\fasterxml\jackson\module\jackson-module-parameter-names\2.19.1\jackson-module-parameter-names-2.19.1.jar;C:\Users\augus\.m2\repository\org\springframework\boot\spring-boot-starter-tomcat\3.5.3\spring-boot-starter-tomcat-3.5.3.jar;C:\Users\augus\.m2\repository\org\apache\tomcat\embed\tomcat-embed-core\10.1.42\tomcat-embed-core-10.1.42.jar;C:\Users\augus\.m2\repository\org\apache\tomcat\embed\tomcat-embed-el\10.1.42\tomcat-embed-el-10.1.42.jar;C:\Users\augus\.m2\repository\org\apache\tomcat\embed\tomcat-embed-websocket\10.1.42\tomcat-embed-websocket-10.1.42.jar;C:\Users\augus\.m2\repository\org\springframework\spring-web\6.2.8\spring-web-6.2.8.jar;C:\Users\augus\.m2\repository\io\micrometer\micrometer-observation\1.15.1\micrometer-observation-1.15.1.jar;C:\Users\augus\.m2\repository\io\micrometer\micrometer-commons\1.15.1\micrometer-commons-1.15.1.jar;C:\Users\augus\.m2\repository\org\springframework\spring-webmvc\6.2.8\spring-webmvc-6.2.8.jar;C:\Users\augus\.m2\repository\org\springframework\spring-expression\6.2.8\spring-expression-6.2.8.jar;C:\Users\augus\.m2\repository\org\springframework\boot\spring-boot-devtools\3.5.3\spring-boot-devtools-3.5.3.jar;C:\Users\augus\.m2\repository\org\springframework\boot\spring-boot\3.5.3\spring-boot-3.5.3.jar;C:\Users\augus\.m2\repository\org\springframework\boot\spring-boot-autoconfigure\3.5.3\spring-boot-autoconfigure-3.5.3.jar;C:\Users\augus\.m2\repository\com\mysql\mysql-connector-j\9.2.0\mysql-connector-j-9.2.0.jar;C:\Users\augus\.m2\repository\org\projectlombok\lombok\1.18.36\lombok-1.18.36.jar;C:\Users\augus\.m2\repository\org\springframework\boot\spring-boot-starter-test\3.5.3\spring-boot-starter-test-3.5.3.jar;C:\Users\augus\.m2\repository\org\springframework\boot\spring-boot-test\3.5.3\spring-boot-test-3.5.3.jar;C:\Users\augus\.m2\repository\org\springframework\boot\spring-boot-test-autoconfigure\3.5.3\spring-boot-test-autoconfigure-3.5.3.jar;C:\Users\augus\.m2\repository\com\jayway\jsonpath\json-path\2.9.0\json-path-2.9.0.jar;C:\Users\augus\.m2\repository\jakarta\xml\bind\jakarta.xml.bind-api\4.0.2\jakarta.xml.bind-api-4.0.2.jar;C:\Users\augus\.m2\repository\jakarta\activation\jakarta.activation-api\2.1.3\jakarta.activation-api-2.1.3.jar;C:\Users\augus\.m2\repository\net\minidev\json-smart\2.5.2\json-smart-2.5.2.jar;C:\Users\augus\.m2\repository\net\minidev\accessors-smart\2.5.2\accessors-smart-2.5.2.jar;C:\Users\augus\.m2\repository\org\ow2\asm\asm\9.7.1\asm-9.7.1.jar;C:\Users\augus\.m2\repository\org\assertj\assertj-core\3.27.3\assertj-core-3.27.3.jar;C:\Users\augus\.m2\repository\org\awaitility\awaitility\4.2.2\awaitility-4.2.2.jar;C:\Users\augus\.m2\repository\org\hamcrest\hamcrest\3.0\hamcrest-3.0.jar;C:\Users\augus\.m2\repository\org\junit\jupiter\junit-jupiter\5.12.2\junit-jupiter-5.12.2.jar;C:\Users\augus\.m2\repository\org\junit\jupiter\junit-jupiter-api\5.12.2\junit-jupiter-api-5.12.2.jar;C:\Users\augus\.m2\repository\org\opentest4j\opentest4j\1.3.0\opentest4j-1.3.0.jar;C:\Users\augus\.m2\repository\org\junit\platform\junit-platform-commons\1.12.2\junit-platform-commons-1.12.2.jar;C:\Users\augus\.m2\repository\org\apiguardian\apiguardian-api\1.1.2\apiguardian-api-1.1.2.jar;C:\Users\augus\.m2\repository\org\junit\jupiter\junit-jupiter-params\5.12.2\junit-jupiter-params-5.12.2.jar;C:\Users\augus\.m2\repository\org\junit\jupiter\junit-jupiter-engine\5.12.2\junit-jupiter-engine-5.12.2.jar;C:\Users\augus\.m2\repository\org\junit\platform\junit-platform-engine\1.12.2\junit-platform-engine-1.12.2.jar;C:\Users\augus\.m2\repository\org\mockito\mockito-core\5.17.0\mockito-core-5.17.0.jar;C:\Users\augus\.m2\repository\net\bytebuddy\byte-buddy-agent\1.17.6\byte-buddy-agent-1.17.6.jar;C:\Users\augus\.m2\repository\org\objenesis\objenesis\3.3\objenesis-3.3.jar;C:\Users\augus\.m2\repository\org\mockito\mockito-junit-jupiter\5.17.0\mockito-junit-jupiter-5.17.0.jar;C:\Users\augus\.m2\repository\org\skyscreamer\jsonassert\1.5.3\jsonassert-1.5.3.jar;C:\Users\augus\.m2\repository\com\vaadin\external\google\android-json\0.0.20131108.vaadin1\android-json-0.0.20131108.vaadin1.jar;C:\Users\augus\.m2\repository\org\springframework\spring-core\6.2.8\spring-core-6.2.8.jar;C:\Users\augus\.m2\repository\org\springframework\spring-jcl\6.2.8\spring-jcl-6.2.8.jar;C:\Users\augus\.m2\repository\org\springframework\spring-test\6.2.8\spring-test-6.2.8.jar;C:\Users\augus\.m2\repository\org\xmlunit\xmlunit-core\2.10.2\xmlunit-core-2.10.2.jar;C:\Users\augus\.m2\repository\org\springframework\boot\spring-boot-testcontainers\3.5.3\spring-boot-testcontainers-3.5.3.jar;C:\Users\augus\.m2\repository\org\testcontainers\testcontainers\1.21.2\testcontainers-1.21.2.jar;C:\Users\augus\.m2\repository\junit\junit\4.13.2\junit-4.13.2.jar;C:\Users\augus\.m2\repository\org\hamcrest\hamcrest-core\3.0\hamcrest-core-3.0.jar;C:\Users\augus\.m2\repository\org\apache\commons\commons-compress\1.24.0\commons-compress-1.24.0.jar;C:\Users\augus\.m2\repository\org\rnorth\duct-tape\duct-tape\1.0.8\duct-tape-1.0.8.jar;C:\Users\augus\.m2\repository\org\jetbrains\annotations\17.0.0\annotations-17.0.0.jar;C:\Users\augus\.m2\repository\com\github\docker-java\docker-java-api\3.4.2\docker-java-api-3.4.2.jar;C:\Users\augus\.m2\repository\com\github\docker-java\docker-java-transport-zerodep\3.4.2\docker-java-transport-zerodep-3.4.2.jar;C:\Users\augus\.m2\repository\com\github\docker-java\docker-java-transport\3.4.2\docker-java-transport-3.4.2.jar;C:\Users\augus\.m2\repository\net\java\dev\jna\jna\5.13.0\jna-5.13.0.jar;C:\Users\augus\.m2\repository\org\testcontainers\junit-jupiter\1.21.2\junit-jupiter-1.21.2.jar;C:\Users\augus\.m2\repository\org\testcontainers\mysql\1.21.2\mysql-1.21.2.jar;C:\Users\augus\.m2\repository\org\testcontainers\jdbc\1.21.2\jdbc-1.21.2.jar;C:\Users\augus\.m2\repository\org\testcontainers\database-commons\1.21.2\database-commons-1.21.2.jar;C:\Users\augus\.m2\repository\io\rest-assured\rest-assured\5.3.2\rest-assured-5.3.2.jar;C:\Users\augus\.m2\repository\org\apache\groovy\groovy\4.0.27\groovy-4.0.27.jar;C:\Users\augus\.m2\repository\org\apache\groovy\groovy-xml\4.0.27\groovy-xml-4.0.27.jar;C:\Users\augus\.m2\repository\org\apache\httpcomponents\httpclient\4.5.13\httpclient-4.5.13.jar;C:\Users\augus\.m2\repository\org\apache\httpcomponents\httpcore\4.4.16\httpcore-4.4.16.jar;C:\Users\augus\.m2\repository\commons-logging\commons-logging\1.2\commons-logging-1.2.jar;C:\Users\augus\.m2\repository\commons-codec\commons-codec\1.18.0\commons-codec-1.18.0.jar;C:\Users\augus\.m2\repository\org\apache\httpcomponents\httpmime\4.5.13\httpmime-4.5.13.jar;C:\Users\augus\.m2\repository\org\ccil\cowan\tagsoup\tagsoup\1.2.1\tagsoup-1.2.1.jar;C:\Users\augus\.m2\repository\io\rest-assured\json-path\5.5.5\json-path-5.5.5.jar;C:\Users\augus\.m2\repository\org\apache\groovy\groovy-json\4.0.27\groovy-json-4.0.27.jar;C:\Users\augus\.m2\repository\io\rest-assured\rest-assured-common\5.5.5\rest-assured-common-5.5.5.jar;C:\Users\augus\.m2\repository\io\rest-assured\xml-path\5.5.5\xml-path-5.5.5.jar;C:\Users\augus\.m2\repository\org\apache\commons\commons-lang3\3.17.0\commons-lang3-3.17.0.jar;C:\Users\augus\.m2\repository\org\flywaydb\flyway-core\11.7.2\flyway-core-11.7.2.jar;C:\Users\augus\.m2\repository\com\fasterxml\jackson\dataformat\jackson-dataformat-toml\2.19.1\jackson-dataformat-toml-2.19.1.jar;C:\Users\augus\.m2\repository\com\fasterxml\jackson\core\jackson-core\2.19.1\jackson-core-2.19.1.jar;C:\Users\augus\.m2\repository\com\fasterxml\jackson\datatype\jackson-datatype-jsr310\2.19.1\jackson-datatype-jsr310-2.19.1.jar;C:\Users\augus\.m2\repository\com\fasterxml\jackson\core\jackson-annotations\2.19.1\jackson-annotations-2.19.1.jar;C:\Users\augus\.m2\repository\org\flywaydb\flyway-mysql\11.7.2\flyway-mysql-11.7.2.jar;"/>
    <property name="sun.cpu.endian" value="little"/>
    <property name="user.home" value="C:\Users\augus"/>
    <property name="user.language" value="es"/>
    <property name="java.specification.vendor" value="Oracle Corporation"/>
    <property name="java.version.date" value="2024-01-16"/>
    <property name="java.home" value="C:\Program Files\Java\jdk-21"/>
    <property name="file.separator" value="\"/>
    <property name="basedir" value="C:\Users\augus\Documents\Code\Spring_Boot\nutriFitMicro\food-item-service"/>
    <property name="java.vm.compressedOopsMode" value="Zero based"/>
    <property name="line.separator" value="&#10;"/>
    <property name="java.vm.specification.vendor" value="Oracle Corporation"/>
    <property name="java.specification.name" value="Java Platform API Specification"/>
    <property name="FILE_LOG_CHARSET" value="UTF-8"/>
    <property name="java.awt.headless" value="true"/>
    <property name="surefire.real.class.path" value="C:\Users\augus\AppData\Local\Temp\surefire11613998344444115453\surefirebooter-20250706203521490_3.jar"/>
    <property name="user.script" value=""/>
    <property name="polyglot.engine.WarnInterpreterOnly" value="false"/>
    <property name="sun.management.compiler" value="HotSpot 64-Bit Tiered Compilers"/>
    <property name="java.runtime.version" value="21.0.2+13-LTS-58"/>
    <property name="user.name" value="augus"/>
    <property name="stdout.encoding" value="Cp1252"/>
    <property name="path.separator" value=";"/>
    <property name="os.version" value="10.0"/>
    <property name="java.runtime.name" value="Java(TM) SE Runtime Environment"/>
    <property name="file.encoding" value="UTF-8"/>
    <property name="java.vm.name" value="Java HotSpot(TM) 64-Bit Server VM"/>
    <property name="localRepository" value="C:\Users\augus\.m2\repository"/>
    <property name="java.vendor.url.bug" value="https://bugreport.java.com/bugreport/"/>
    <property name="java.io.tmpdir" value="C:\Users\augus\AppData\Local\Temp\"/>
    <property name="catalina.home" value="C:\Users\augus\AppData\Local\Temp\tomcat.0.15105134401880066500"/>
    <property name="com.zaxxer.hikari.pool_number" value="1"/>
    <property name="java.version" value="21.0.2"/>
    <property name="user.dir" value="C:\Users\augus\Documents\Code\Spring_Boot\nutriFitMicro\food-item-service"/>
    <property name="os.arch" value="amd64"/>
    <property name="java.vm.specification.name" value="Java Virtual Machine Specification"/>
    <property name="PID" value="323440"/>
    <property name="sun.os.patch.level" value=""/>
    <property name="CONSOLE_LOG_CHARSET" value="UTF-8"/>
    <property name="catalina.base" value="C:\Users\augus\AppData\Local\Temp\tomcat.0.15105134401880066500"/>
    <property name="native.encoding" value="Cp1252"/>
    <property name="java.library.path" value="C:\Program Files\Java\jdk-21\bin;C:\Windows\Sun\Java\bin;C:\Windows\system32;C:\Windows;C:\Program Files\Common Files\Oracle\Java\javapath;C:\Program Files (x86)\Common Files\Oracle\Java\java8path;C:\Program Files (x86)\Common Files\Oracle\Java\javapath;C:\Windows\system32;C:\Windows;C:\Windows\System32\Wbem;C:\Windows\System32\WindowsPowerShell\v1.0\;C:\Windows\System32\OpenSSH\;C:\Program Files\Java\jdk-21\bin;C:\Program Files\dotnet\;C:\Program Files\Maven\bin\;C:\Program Files\Git\cmd;C:\Program Files\Docker\Docker\resources\bin;C:\Program Files\MySQL\MySQL Shell 8.0\bin\;C:\Users\augus\AppData\Local\Microsoft\WindowsApps;C:\Program Files\Maven\apache-maven-3.9.9\bin;C:\Users\augus\AppData\Local\Programs\Microsoft VS Code\bin;."/>
    <property name="java.vm.info" value="mixed mode, sharing"/>
    <property name="stderr.encoding" value="Cp1252"/>
    <property name="java.vendor" value="Oracle Corporation"/>
    <property name="java.vm.version" value="21.0.2+13-LTS-58"/>
    <property name="sun.io.unicode.encoding" value="UnicodeLittle"/>
    <property name="java.class.version" value="65.0"/>
  </properties>
  <testcase name="shouldUpdateFoodItem" classname="com.augustogp.nutrifit.food_item.FoodItemServiceApplicationTests" time="1.659">
    <system-out><![CDATA[20:35:22.477 [main] INFO org.springframework.test.context.support.AnnotationConfigContextLoaderUtils -- Could not detect default configuration classes for test class [com.augustogp.nutrifit.food_item.FoodItemServiceApplicationTests]: FoodItemServiceApplicationTests does not declare any static, non-private, non-final, nested classes annotated with @Configuration.
20:35:22.634 [main] INFO org.springframework.boot.test.context.SpringBootTestContextBootstrapper -- Found @SpringBootConfiguration com.augustogp.nutrifit.food_item.FoodItemServiceApplication for test class com.augustogp.nutrifit.food_item.FoodItemServiceApplicationTests
20:35:22.793 [main] INFO org.springframework.boot.devtools.restart.RestartApplicationListener -- Restart disabled due to context in which it is running

  .   ____          _            __ _ _
 /\\ / ___'_ __ _ _(_)_ __  __ _ \ \ \ \
( ( )\___ | '_ | '_| | '_ \/ _` | \ \ \ \
 \\/  ___)| |_)| | | | | || (_| |  ) ) ) )
  '  |____| .__|_| |_|_| |_\__, | / / / /
 =========|_|==============|___/=/_/_/_/

 :: Spring Boot ::                (v3.5.3)

2025-07-06T20:35:23.083-03:00  INFO 323440 --- [           main] c.a.n.f.FoodItemServiceApplicationTests  : Starting FoodItemServiceApplicationTests using Java 21.0.2 with PID 323440 (started by augus in C:\Users\augus\Documents\Code\Spring_Boot\nutriFitMicro\food-item-service)
2025-07-06T20:35:23.084-03:00  INFO 323440 --- [           main] c.a.n.f.FoodItemServiceApplicationTests  : No active profile set, falling back to 1 default profile: "default"
2025-07-06T20:35:23.810-03:00  INFO 323440 --- [           main] .s.d.r.c.RepositoryConfigurationDelegate : Bootstrapping Spring Data JPA repositories in DEFAULT mode.
2025-07-06T20:35:23.868-03:00  INFO 323440 --- [           main] .s.d.r.c.RepositoryConfigurationDelegate : Finished Spring Data repository scanning in 47 ms. Found 1 JPA repository interface.
2025-07-06T20:35:24.297-03:00  INFO 323440 --- [           main] o.s.b.w.embedded.tomcat.TomcatWebServer  : Tomcat initialized with port 0 (http)
2025-07-06T20:35:24.311-03:00  INFO 323440 --- [           main] o.apache.catalina.core.StandardService   : Starting service [Tomcat]
2025-07-06T20:35:24.312-03:00  INFO 323440 --- [           main] o.apache.catalina.core.StandardEngine    : Starting Servlet engine: [Apache Tomcat/10.1.42]
2025-07-06T20:35:24.357-03:00  INFO 323440 --- [           main] o.a.c.c.C.[Tomcat].[localhost].[/]       : Initializing Spring embedded WebApplicationContext
2025-07-06T20:35:24.358-03:00  INFO 323440 --- [           main] w.s.c.ServletWebServerApplicationContext : Root WebApplicationContext: initialization completed in 1082 ms
2025-07-06T20:35:24.460-03:00  INFO 323440 --- [           main] org.testcontainers.images.PullPolicy     : Image pull policy will be performed by: DefaultPullPolicy()
2025-07-06T20:35:24.464-03:00  INFO 323440 --- [           main] o.t.utility.ImageNameSubstitutor         : Image name substitution will be performed by: DefaultImageNameSubstitutor (composite of 'ConfigurationFileImageNameSubstitutor' and 'PrefixingImageNameSubstitutor')
2025-07-06T20:35:24.485-03:00  INFO 323440 --- [           main] org.testcontainers.DockerClientFactory   : Testcontainers version: 1.21.2
2025-07-06T20:35:24.709-03:00  INFO 323440 --- [           main] o.t.d.DockerClientProviderStrategy       : Loaded org.testcontainers.dockerclient.NpipeSocketClientProviderStrategy from ~/.testcontainers.properties, will try it first
2025-07-06T20:35:25.063-03:00  INFO 323440 --- [           main] o.t.d.DockerClientProviderStrategy       : Found Docker environment with local Npipe socket (npipe:////./pipe/docker_engine)
2025-07-06T20:35:25.064-03:00  INFO 323440 --- [           main] org.testcontainers.DockerClientFactory   : Docker host IP address is localhost
2025-07-06T20:35:25.082-03:00  INFO 323440 --- [           main] org.testcontainers.DockerClientFactory   : Connected to docker: 
  Server Version: 28.0.4
  API Version: 1.48
  Operating System: Docker Desktop
  Total Memory: 15566 MB
  Labels: 
    com.docker.desktop.address=npipe://\\.\pipe\docker_cli
2025-07-06T20:35:25.115-03:00  INFO 323440 --- [           main] tc.testcontainers/ryuk:0.12.0            : Creating container for image: testcontainers/ryuk:0.12.0
2025-07-06T20:35:25.331-03:00  INFO 323440 --- [           main] tc.testcontainers/ryuk:0.12.0            : Container testcontainers/ryuk:0.12.0 is starting: 57463c13071e6a868576edf9bab5c9d25f382b76db3cd6099755c6f1878b78c4
2025-07-06T20:35:25.703-03:00  INFO 323440 --- [           main] tc.testcontainers/ryuk:0.12.0            : Container testcontainers/ryuk:0.12.0 started in PT0.5884577S
2025-07-06T20:35:25.715-03:00  INFO 323440 --- [           main] o.t.utility.RyukResourceReaper           : Ryuk started - will monitor and terminate Testcontainers containers on JVM exit
2025-07-06T20:35:25.715-03:00  INFO 323440 --- [           main] org.testcontainers.DockerClientFactory   : Checking the system...
2025-07-06T20:35:25.716-03:00  INFO 323440 --- [           main] org.testcontainers.DockerClientFactory   : ✔︎ Docker server version should be at least 1.6.0
2025-07-06T20:35:25.719-03:00  INFO 323440 --- [           main] tc.mysql:8.0                             : Creating container for image: mysql:8.0
2025-07-06T20:35:25.798-03:00  INFO 323440 --- [           main] tc.mysql:8.0                             : Container mysql:8.0 is starting: feca5014d72eb2c0460e597f2c0839308bfeb99282a9a988241e41c5c180ec97
2025-07-06T20:35:26.038-03:00  INFO 323440 --- [           main] tc.mysql:8.0                             : Waiting for database connection to become available at jdbc:mysql://localhost:58800/test using query 'SELECT 1'
2025-07-06T20:35:33.917-03:00  INFO 323440 --- [           main] tc.mysql:8.0                             : Container mysql:8.0 started in PT8.198007S
2025-07-06T20:35:33.918-03:00  INFO 323440 --- [           main] tc.mysql:8.0                             : Container is started (JDBC URL: jdbc:mysql://localhost:58800/test)
2025-07-06T20:35:34.301-03:00  INFO 323440 --- [           main] org.flywaydb.core.FlywayExecutor         : Database: jdbc:mysql://localhost:58800/test (MySQL 8.0)
2025-07-06T20:35:34.647-03:00  INFO 323440 --- [           main] o.f.c.i.s.JdbcTableSchemaHistory         : Schema history table `test`.`flyway_schema_history` does not exist yet
2025-07-06T20:35:34.651-03:00  INFO 323440 --- [           main] o.f.core.internal.command.DbValidate     : Successfully validated 2 migrations (execution time 00:00.022s)
2025-07-06T20:35:34.682-03:00  INFO 323440 --- [           main] o.f.c.i.s.JdbcTableSchemaHistory         : Creating Schema History table `test`.`flyway_schema_history` ...
2025-07-06T20:35:34.753-03:00  INFO 323440 --- [           main] o.f.core.internal.command.DbMigrate      : Current version of schema `test`: << Empty Schema >>
2025-07-06T20:35:34.762-03:00  INFO 323440 --- [           main] o.f.core.internal.command.DbMigrate      : Migrating schema `test` to version "1 - create food item table"
2025-07-06T20:35:34.823-03:00  INFO 323440 --- [           main] o.f.core.internal.command.DbMigrate      : Migrating schema `test` to version "2 - add food items data"
2025-07-06T20:35:34.849-03:00  INFO 323440 --- [           main] o.f.core.internal.command.DbMigrate      : Successfully applied 2 migrations to schema `test`, now at version v2 (execution time 00:00.036s)
2025-07-06T20:35:34.933-03:00  INFO 323440 --- [           main] o.hibernate.jpa.internal.util.LogHelper  : HHH000204: Processing PersistenceUnitInfo [name: default]
2025-07-06T20:35:34.986-03:00  INFO 323440 --- [           main] org.hibernate.Version                    : HHH000412: Hibernate ORM core version 6.6.18.Final
2025-07-06T20:35:35.016-03:00  INFO 323440 --- [           main] o.h.c.internal.RegionFactoryInitiator    : HHH000026: Second-level cache disabled
2025-07-06T20:35:35.290-03:00  INFO 323440 --- [           main] o.s.o.j.p.SpringPersistenceUnitInfo      : No LoadTimeWeaver setup: ignoring JPA class transformer
2025-07-06T20:35:35.321-03:00  INFO 323440 --- [           main] com.zaxxer.hikari.HikariDataSource       : HikariPool-1 - Starting...
2025-07-06T20:35:35.346-03:00  INFO 323440 --- [           main] com.zaxxer.hikari.pool.HikariPool        : HikariPool-1 - Added connection com.mysql.cj.jdbc.ConnectionImpl@7bcef554
2025-07-06T20:35:35.348-03:00  INFO 323440 --- [           main] com.zaxxer.hikari.HikariDataSource       : HikariPool-1 - Start completed.
2025-07-06T20:35:35.415-03:00  INFO 323440 --- [           main] org.hibernate.orm.connections.pooling    : HHH10001005: Database info:
	Database JDBC URL [Connecting through datasource 'HikariDataSource (HikariPool-1)']
	Database driver: undefined/unknown
	Database version: 8.0.42
	Autocommit mode: undefined/unknown
	Isolation level: undefined/unknown
	Minimum pool size: undefined/unknown
	Maximum pool size: undefined/unknown
2025-07-06T20:35:35.422-03:00 DEBUG 323440 --- [           main] o.h.t.d.sql.spi.DdlTypeRegistry          : addDescriptor(12, org.hibernate.type.descriptor.sql.internal.CapacityDependentDdlType@7da45702) replaced previous registration(org.hibernate.type.descriptor.sql.internal.CapacityDependentDdlType@654a5635)
2025-07-06T20:35:35.422-03:00 DEBUG 323440 --- [           main] o.h.t.d.sql.spi.DdlTypeRegistry          : addDescriptor(-9, org.hibernate.type.descriptor.sql.internal.CapacityDependentDdlType@458556e4) replaced previous registration(org.hibernate.type.descriptor.sql.internal.CapacityDependentDdlType@72388b94)
2025-07-06T20:35:35.422-03:00 DEBUG 323440 --- [           main] o.h.t.d.sql.spi.DdlTypeRegistry          : addDescriptor(-3, org.hibernate.type.descriptor.sql.internal.CapacityDependentDdlType@2dfbde96) replaced previous registration(org.hibernate.type.descriptor.sql.internal.CapacityDependentDdlType@1ab7cee2)
2025-07-06T20:35:35.422-03:00 DEBUG 323440 --- [           main] o.h.t.d.sql.spi.DdlTypeRegistry          : addDescriptor(4003, org.hibernate.type.descriptor.sql.internal.DdlTypeImpl@75ea8926) replaced previous registration(org.hibernate.type.descriptor.sql.internal.DdlTypeImpl@4338c824)
2025-07-06T20:35:35.423-03:00 DEBUG 323440 --- [           main] o.h.t.d.sql.spi.DdlTypeRegistry          : addDescriptor(4001, org.hibernate.type.descriptor.sql.internal.DdlTypeImpl@3044b1bb) replaced previous registration(org.hibernate.type.descriptor.sql.internal.DdlTypeImpl@1420b98f)
2025-07-06T20:35:35.423-03:00 DEBUG 323440 --- [           main] o.h.t.d.sql.spi.DdlTypeRegistry          : addDescriptor(4002, org.hibernate.type.descriptor.sql.internal.DdlTypeImpl@35a2a194) replaced previous registration(org.hibernate.type.descriptor.sql.internal.DdlTypeImpl@30de36ec)
2025-07-06T20:35:35.423-03:00 DEBUG 323440 --- [           main] o.h.t.d.sql.spi.DdlTypeRegistry          : addDescriptor(2004, org.hibernate.type.descriptor.sql.internal.CapacityDependentDdlType@25829025) replaced previous registration(org.hibernate.type.descriptor.sql.internal.DdlTypeImpl@347fa9db)
2025-07-06T20:35:35.423-03:00 DEBUG 323440 --- [           main] o.h.t.d.sql.spi.DdlTypeRegistry          : addDescriptor(2005, org.hibernate.type.descriptor.sql.internal.CapacityDependentDdlType@14f110c1) replaced previous registration(org.hibernate.type.descriptor.sql.internal.DdlTypeImpl@55593de5)
2025-07-06T20:35:35.423-03:00 DEBUG 323440 --- [           main] o.h.t.d.sql.spi.DdlTypeRegistry          : addDescriptor(2011, org.hibernate.type.descriptor.sql.internal.CapacityDependentDdlType@64eb8cd3) replaced previous registration(org.hibernate.type.descriptor.sql.internal.DdlTypeImpl@2d93d0e4)
2025-07-06T20:35:36.166-03:00  INFO 323440 --- [           main] o.h.e.t.j.p.i.JtaPlatformInitiator       : HHH000489: No JTA platform available (set 'hibernate.transaction.jta.platform' to enable JTA platform integration)
2025-07-06T20:35:36.180-03:00 DEBUG 323440 --- [           main] org.hibernate.SQL                        : drop table if exists food_item
Hibernate: drop table if exists food_item
2025-07-06T20:35:36.210-03:00 DEBUG 323440 --- [           main] org.hibernate.SQL                        : create table food_item (carbohydrates_per_gram float(53) not null, proteins_per_gram float(53) not null, saturated_fats_per_gram float(53) not null, trans_fats_per_gram float(53) not null, unsaturated_fats_per_gram float(53) not null, id binary(16) not null, name varchar(255), primary key (id)) engine=InnoDB
Hibernate: create table food_item (carbohydrates_per_gram float(53) not null, proteins_per_gram float(53) not null, saturated_fats_per_gram float(53) not null, trans_fats_per_gram float(53) not null, unsaturated_fats_per_gram float(53) not null, id binary(16) not null, name varchar(255), primary key (id)) engine=InnoDB
2025-07-06T20:35:36.229-03:00 DEBUG 323440 --- [           main] org.hibernate.SQL                        : alter table food_item add constraint UK8low9mk7y8416extaym5l12r3 unique (name)
Hibernate: alter table food_item add constraint UK8low9mk7y8416extaym5l12r3 unique (name)
2025-07-06T20:35:36.249-03:00  INFO 323440 --- [           main] j.LocalContainerEntityManagerFactoryBean : Initialized JPA EntityManagerFactory for persistence unit 'default'
2025-07-06T20:35:36.479-03:00  WARN 323440 --- [           main] JpaBaseConfiguration$JpaWebConfiguration : spring.jpa.open-in-view is enabled by default. Therefore, database queries may be performed during view rendering. Explicitly configure spring.jpa.open-in-view to disable this warning
2025-07-06T20:35:36.827-03:00  INFO 323440 --- [           main] o.s.b.w.embedded.tomcat.TomcatWebServer  : Tomcat started on port 58885 (http) with context path '/'
2025-07-06T20:35:36.833-03:00  INFO 323440 --- [           main] c.a.n.f.FoodItemServiceApplicationTests  : Started FoodItemServiceApplicationTests in 14.053 seconds (process running for 15.276)
2025-07-06T20:35:36.856-03:00 DEBUG 323440 --- [           main] o.s.jdbc.datasource.init.ScriptUtils     : Executing SQL script from class path resource [testdata/insert_food_items.sql]
2025-07-06T20:35:36.859-03:00 DEBUG 323440 --- [           main] o.s.jdbc.datasource.init.ScriptUtils     : 10 returned as update count for SQL: INSERT INTO food_item (id, name, proteins_per_gram, carbohydrates_per_gram, saturated_fats_per_gram, unsaturated_fats_per_gram, trans_fats_per_gram) VALUES (UUID_TO_BIN(UUID()), 'Chicken Breast', 0.31, 0.0, 0.01, 0.03, 0.0), (UUID_TO_BIN(UUID()), 'White Rice', 0.025, 0.28, 0.001, 0.002, 0.0), (UUID_TO_BIN(UUID()), 'Avocado', 0.02, 0.09, 0.02, 0.07, 0.0), (UUID_TO_BIN(UUID()), 'Whole Egg', 0.13, 0.01, 0.03, 0.05, 0.001), (UUID_TO_BIN(UUID()), 'Olive Oil', 0.0, 0.0, 0.015, 0.1, 0.0), (UUID_TO_BIN(UUID()), 'Almonds', 0.21, 0.22, 0.04, 0.05, 0.0), (UUID_TO_BIN(UUID()), 'Banana', 0.01, 0.23, 0.001, 0.002, 0.0), (UUID_TO_BIN(UUID()), 'Greek Yogurt', 0.10, 0.04, 0.03, 0.01, 0.0), (UUID_TO_BIN(UUID()), 'Salmon', 0.20, 0.0, 0.03, 0.08, 0.0), (UUID_TO_BIN(UUID()), 'Peanut Butter', 0.25, 0.20, 0.05, 0.08, 0.002)
2025-07-06T20:35:36.860-03:00 DEBUG 323440 --- [           main] o.s.jdbc.datasource.init.ScriptUtils     : Executed SQL script from class path resource [testdata/insert_food_items.sql] in 3 ms.
2025-07-06T20:35:37.781-03:00  INFO 323440 --- [o-auto-1-exec-1] o.a.c.c.C.[Tomcat].[localhost].[/]       : Initializing Spring DispatcherServlet 'dispatcherServlet'
2025-07-06T20:35:37.781-03:00  INFO 323440 --- [o-auto-1-exec-1] o.s.web.servlet.DispatcherServlet        : Initializing Servlet 'dispatcherServlet'
2025-07-06T20:35:37.781-03:00  INFO 323440 --- [o-auto-1-exec-1] o.s.web.servlet.DispatcherServlet        : Completed initialization in 0 ms
2025-07-06T20:35:37.909-03:00 DEBUG 323440 --- [o-auto-1-exec-1] org.hibernate.SQL                        : select fi1_0.id,fi1_0.carbohydrates_per_gram,fi1_0.name,fi1_0.proteins_per_gram,fi1_0.saturated_fats_per_gram,fi1_0.trans_fats_per_gram,fi1_0.unsaturated_fats_per_gram from food_item fi1_0 where fi1_0.name=?
Hibernate: select fi1_0.id,fi1_0.carbohydrates_per_gram,fi1_0.name,fi1_0.proteins_per_gram,fi1_0.saturated_fats_per_gram,fi1_0.trans_fats_per_gram,fi1_0.unsaturated_fats_per_gram from food_item fi1_0 where fi1_0.name=?
2025-07-06T20:35:37.938-03:00  INFO 323440 --- [o-auto-1-exec-1] c.a.n.food_item.service.FoodItemService  : Food Item with name: Avocado found successfully
2025-07-06T20:35:38.058-03:00 DEBUG 323440 --- [o-auto-1-exec-2] org.hibernate.SQL                        : select fi1_0.id,fi1_0.carbohydrates_per_gram,fi1_0.name,fi1_0.proteins_per_gram,fi1_0.saturated_fats_per_gram,fi1_0.trans_fats_per_gram,fi1_0.unsaturated_fats_per_gram from food_item fi1_0 where fi1_0.id=?
Hibernate: select fi1_0.id,fi1_0.carbohydrates_per_gram,fi1_0.name,fi1_0.proteins_per_gram,fi1_0.saturated_fats_per_gram,fi1_0.trans_fats_per_gram,fi1_0.unsaturated_fats_per_gram from food_item fi1_0 where fi1_0.id=?
2025-07-06T20:35:38.082-03:00 DEBUG 323440 --- [o-auto-1-exec-2] org.hibernate.SQL                        : update food_item set carbohydrates_per_gram=?,name=?,proteins_per_gram=?,saturated_fats_per_gram=?,trans_fats_per_gram=?,unsaturated_fats_per_gram=? where id=?
Hibernate: update food_item set carbohydrates_per_gram=?,name=?,proteins_per_gram=?,saturated_fats_per_gram=?,trans_fats_per_gram=?,unsaturated_fats_per_gram=? where id=?
2025-07-06T20:35:38.100-03:00  INFO 323440 --- [o-auto-1-exec-2] c.a.n.food_item.service.FoodItemService  : Food Item with ID: eb27370d-5ac1-11f0-a5d9-e2c843abf16d updated successfully
]]></system-out>
    <system-err><![CDATA[Mockito is currently self-attaching to enable the inline-mock-maker. This will no longer work in future releases of the JDK. Please add Mockito as an agent to your build as described in Mockito's documentation: https://javadoc.io/doc/org.mockito/mockito-core/latest/org.mockito/org/mockito/Mockito.html#0.3
WARNING: A Java agent has been loaded dynamically (C:\Users\augus\.m2\repository\net\bytebuddy\byte-buddy-agent\1.17.6\byte-buddy-agent-1.17.6.jar)
WARNING: If a serviceability tool is in use, please run with -XX:+EnableDynamicAgentLoading to hide this warning
WARNING: If a serviceability tool is not in use, please run with -Djdk.instrument.traceUsage for more information
WARNING: Dynamic loading of agents will be disallowed by default in a future release
]]></system-err>
  </testcase>
  <testcase name="shouldCreateFoodItem" classname="com.augustogp.nutrifit.food_item.FoodItemServiceApplicationTests" time="0.055">
    <system-out><![CDATA[2025-07-06T20:35:38.558-03:00 DEBUG 323440 --- [o-auto-1-exec-3] org.hibernate.SQL                        : insert into food_item (carbohydrates_per_gram,name,proteins_per_gram,saturated_fats_per_gram,trans_fats_per_gram,unsaturated_fats_per_gram,id) values (?,?,?,?,?,?,?)
Hibernate: insert into food_item (carbohydrates_per_gram,name,proteins_per_gram,saturated_fats_per_gram,trans_fats_per_gram,unsaturated_fats_per_gram,id) values (?,?,?,?,?,?,?)
2025-07-06T20:35:38.564-03:00  INFO 323440 --- [o-auto-1-exec-3] c.a.n.food_item.service.FoodItemService  : Food Item created successfully
]]></system-out>
  </testcase>
  <testcase name="shouldDeleteFoodItem" classname="com.augustogp.nutrifit.food_item.FoodItemServiceApplicationTests" time="0.048">
    <system-out><![CDATA[2025-07-06T20:35:38.604-03:00 DEBUG 323440 --- [o-auto-1-exec-4] org.hibernate.SQL                        : select fi1_0.id,fi1_0.carbohydrates_per_gram,fi1_0.name,fi1_0.proteins_per_gram,fi1_0.saturated_fats_per_gram,fi1_0.trans_fats_per_gram,fi1_0.unsaturated_fats_per_gram from food_item fi1_0 where fi1_0.name=?
Hibernate: select fi1_0.id,fi1_0.carbohydrates_per_gram,fi1_0.name,fi1_0.proteins_per_gram,fi1_0.saturated_fats_per_gram,fi1_0.trans_fats_per_gram,fi1_0.unsaturated_fats_per_gram from food_item fi1_0 where fi1_0.name=?
2025-07-06T20:35:38.606-03:00  INFO 323440 --- [o-auto-1-exec-4] c.a.n.food_item.service.FoodItemService  : Food Item with name: Banana found successfully
2025-07-06T20:35:38.621-03:00 DEBUG 323440 --- [o-auto-1-exec-5] org.hibernate.SQL                        : select fi1_0.id,fi1_0.carbohydrates_per_gram,fi1_0.name,fi1_0.proteins_per_gram,fi1_0.saturated_fats_per_gram,fi1_0.trans_fats_per_gram,fi1_0.unsaturated_fats_per_gram from food_item fi1_0 where fi1_0.id=?
Hibernate: select fi1_0.id,fi1_0.carbohydrates_per_gram,fi1_0.name,fi1_0.proteins_per_gram,fi1_0.saturated_fats_per_gram,fi1_0.trans_fats_per_gram,fi1_0.unsaturated_fats_per_gram from food_item fi1_0 where fi1_0.id=?
2025-07-06T20:35:38.629-03:00 DEBUG 323440 --- [o-auto-1-exec-5] org.hibernate.SQL                        : delete from food_item where id=?
Hibernate: delete from food_item where id=?
2025-07-06T20:35:38.635-03:00  INFO 323440 --- [o-auto-1-exec-5] c.a.n.food_item.service.FoodItemService  : Food Item with ID: eb2737be-5ac1-11f0-a5d9-e2c843abf16d deleted successfully
]]></system-out>
  </testcase>
</testsuite>